[INFO] Scanning for projects...
[WARNING] 
[WARNING] Some problems were encountered while building the effective model for org.springframework.samples.petclinic.client:spring-petclinic-customers-service:jar:2.7.6-SNAPSHOT
[WARNING] The expression ${version} is deprecated. Please use ${project.version} instead.
[WARNING] 
[WARNING] Some problems were encountered while building the effective model for org.springframework.samples.petclinic.vets:spring-petclinic-vets-service:jar:2.7.6-SNAPSHOT
[WARNING] The expression ${version} is deprecated. Please use ${project.version} instead.
[WARNING] 
[WARNING] Some problems were encountered while building the effective model for org.springframework.samples.petclinic.visits:spring-petclinic-visits-service:jar:2.7.6-SNAPSHOT
[WARNING] The expression ${version} is deprecated. Please use ${project.version} instead.
[WARNING] 
[WARNING] Some problems were encountered while building the effective model for org.springframework.samples.petclinic.api:spring-petclinic-api-gateway:jar:2.7.6-SNAPSHOT
[WARNING] The expression ${version} is deprecated. Please use ${project.version} instead.
[WARNING] 
[WARNING] It is highly recommended to fix these problems because they threaten the stability of your build.
[WARNING] 
[WARNING] For this reason, future Maven versions might no longer support building such malformed projects.
[WARNING] 
[INFO] ------------------------------------------------------------------------
[INFO] Reactor Build Order:
[INFO] 
[INFO] spring-petclinic-microservices                                     [pom]
[INFO] spring-petclinic-jarjar                                            [jar]
[INFO] spring-petclinic-shared                                            [jar]
[INFO] spring-petclinic-customers-service                                 [jar]
[INFO] spring-petclinic-vets-service                                      [jar]
[INFO] spring-petclinic-visits-service                                    [jar]
[INFO] spring-petclinic-api-gateway                                       [jar]
[INFO] 
[INFO] -----< org.springframework.samples:spring-petclinic-microservices >-----
[INFO] Building spring-petclinic-microservices 2.7.6-SNAPSHOT             [1/7]
[INFO] --------------------------------[ pom ]---------------------------------
[INFO] 
[INFO] --- flatten-maven-plugin:1.3.0:flatten (flatten) @ spring-petclinic-microservices ---
[INFO] Generating flattened POM of project org.springframework.samples:spring-petclinic-microservices:pom:2.7.6-SNAPSHOT...
[INFO] 
[INFO] --- maven-install-plugin:3.0.1:install (default-install) @ spring-petclinic-microservices ---
[INFO] Installing /Users/gregory.eales/Developer/git/spring-petclinic-microservices/.flattened-pom.xml to /Users/gregory.eales/.m2/repository/org/springframework/samples/spring-petclinic-microservices/2.7.6-SNAPSHOT/spring-petclinic-microservices-2.7.6-SNAPSHOT.pom
[INFO] 
[INFO] --- maven-deploy-plugin:3.0.0:deploy (default-deploy) @ spring-petclinic-microservices ---
[INFO] Downloading from atmosphere-nexus: https://nexus.atm.osp.tech/repository/maven-snapshots/org/springframework/samples/spring-petclinic-microservices/2.7.6-SNAPSHOT/maven-metadata.xml
[INFO] Downloaded from atmosphere-nexus: https://nexus.atm.osp.tech/repository/maven-snapshots/org/springframework/samples/spring-petclinic-microservices/2.7.6-SNAPSHOT/maven-metadata.xml (636 B at 1.1 kB/s)
[INFO] Uploading to atmosphere-nexus: https://nexus.atm.osp.tech/repository/maven-snapshots/org/springframework/samples/spring-petclinic-microservices/2.7.6-SNAPSHOT/spring-petclinic-microservices-2.7.6-20230112.130408-39.pom
[INFO] Uploaded to atmosphere-nexus: https://nexus.atm.osp.tech/repository/maven-snapshots/org/springframework/samples/spring-petclinic-microservices/2.7.6-SNAPSHOT/spring-petclinic-microservices-2.7.6-20230112.130408-39.pom (5.6 kB at 35 kB/s)
[INFO] Downloading from atmosphere-nexus: https://nexus.atm.osp.tech/repository/maven-snapshots/org/springframework/samples/spring-petclinic-microservices/maven-metadata.xml
[INFO] Downloaded from atmosphere-nexus: https://nexus.atm.osp.tech/repository/maven-snapshots/org/springframework/samples/spring-petclinic-microservices/maven-metadata.xml (317 B at 6.2 kB/s)
[INFO] Uploading to atmosphere-nexus: https://nexus.atm.osp.tech/repository/maven-snapshots/org/springframework/samples/spring-petclinic-microservices/2.7.6-SNAPSHOT/maven-metadata.xml
[INFO] Uploaded to atmosphere-nexus: https://nexus.atm.osp.tech/repository/maven-snapshots/org/springframework/samples/spring-petclinic-microservices/2.7.6-SNAPSHOT/maven-metadata.xml (636 B at 4.1 kB/s)
[INFO] Uploading to atmosphere-nexus: https://nexus.atm.osp.tech/repository/maven-snapshots/org/springframework/samples/spring-petclinic-microservices/maven-metadata.xml
[INFO] Uploaded to atmosphere-nexus: https://nexus.atm.osp.tech/repository/maven-snapshots/org/springframework/samples/spring-petclinic-microservices/maven-metadata.xml (317 B at 2.2 kB/s)
[INFO] 
[INFO] --------< org.springframework.samples:spring-petclinic-jarjar >---------
[INFO] Building spring-petclinic-jarjar 2.7.6-SNAPSHOT                    [2/7]
[INFO] --------------------------------[ jar ]---------------------------------
[INFO] 
[INFO] --- maven-resources-plugin:3.3.0:resources (default-resources) @ spring-petclinic-jarjar ---
[INFO] Copying 0 resource
[INFO] Copying 0 resource
[INFO] 
[INFO] --- maven-compiler-plugin:3.10.1:compile (default-compile) @ spring-petclinic-jarjar ---
[INFO] Nothing to compile - all classes are up to date
[INFO] 
[INFO] --- maven-resources-plugin:3.3.0:testResources (default-testResources) @ spring-petclinic-jarjar ---
[INFO] skip non existing resourceDirectory /Users/gregory.eales/Developer/git/spring-petclinic-microservices/spring-petclinic-jarjar/src/test/resources
[INFO] 
[INFO] --- maven-compiler-plugin:3.10.1:testCompile (default-testCompile) @ spring-petclinic-jarjar ---
[INFO] Nothing to compile - all classes are up to date
[INFO] 
[INFO] --- maven-surefire-plugin:2.22.2:test (default-test) @ spring-petclinic-jarjar ---
[INFO] No tests to run.
[INFO] 
[INFO] --- maven-jar-plugin:3.3.0:jar (default-jar) @ spring-petclinic-jarjar ---
[INFO] 
[INFO] --- flatten-maven-plugin:1.3.0:flatten (flatten) @ spring-petclinic-jarjar ---
[INFO] Generating flattened POM of project org.springframework.samples:spring-petclinic-jarjar:jar:2.7.6-SNAPSHOT...
[INFO] 
[INFO] --- maven-install-plugin:3.0.1:install (default-install) @ spring-petclinic-jarjar ---
[INFO] Installing /Users/gregory.eales/Developer/git/spring-petclinic-microservices/spring-petclinic-jarjar/.flattened-pom.xml to /Users/gregory.eales/.m2/repository/org/springframework/samples/spring-petclinic-jarjar/2.7.6-SNAPSHOT/spring-petclinic-jarjar-2.7.6-SNAPSHOT.pom
[INFO] Installing /Users/gregory.eales/Developer/git/spring-petclinic-microservices/spring-petclinic-jarjar/target/spring-petclinic-jarjar-2.7.6-SNAPSHOT.jar to /Users/gregory.eales/.m2/repository/org/springframework/samples/spring-petclinic-jarjar/2.7.6-SNAPSHOT/spring-petclinic-jarjar-2.7.6-SNAPSHOT.jar
[INFO] 
[INFO] --- maven-deploy-plugin:3.0.0:deploy (default-deploy) @ spring-petclinic-jarjar ---
[INFO] Downloading from atmosphere-nexus: https://nexus.atm.osp.tech/repository/maven-snapshots/org/springframework/samples/spring-petclinic-jarjar/2.7.6-SNAPSHOT/maven-metadata.xml
[INFO] Downloaded from atmosphere-nexus: https://nexus.atm.osp.tech/repository/maven-snapshots/org/springframework/samples/spring-petclinic-jarjar/2.7.6-SNAPSHOT/maven-metadata.xml (803 B at 11 kB/s)
[INFO] Uploading to atmosphere-nexus: https://nexus.atm.osp.tech/repository/maven-snapshots/org/springframework/samples/spring-petclinic-jarjar/2.7.6-SNAPSHOT/spring-petclinic-jarjar-2.7.6-20230112.130408-37.pom
[INFO] Uploaded to atmosphere-nexus: https://nexus.atm.osp.tech/repository/maven-snapshots/org/springframework/samples/spring-petclinic-jarjar/2.7.6-SNAPSHOT/spring-petclinic-jarjar-2.7.6-20230112.130408-37.pom (2.8 kB at 19 kB/s)
[INFO] Uploading to atmosphere-nexus: https://nexus.atm.osp.tech/repository/maven-snapshots/org/springframework/samples/spring-petclinic-jarjar/2.7.6-SNAPSHOT/spring-petclinic-jarjar-2.7.6-20230112.130408-37.jar
[INFO] Uploaded to atmosphere-nexus: https://nexus.atm.osp.tech/repository/maven-snapshots/org/springframework/samples/spring-petclinic-jarjar/2.7.6-SNAPSHOT/spring-petclinic-jarjar-2.7.6-20230112.130408-37.jar (2.7 kB at 19 kB/s)
[INFO] Downloading from atmosphere-nexus: https://nexus.atm.osp.tech/repository/maven-snapshots/org/springframework/samples/spring-petclinic-jarjar/maven-metadata.xml
[INFO] Downloaded from atmosphere-nexus: https://nexus.atm.osp.tech/repository/maven-snapshots/org/springframework/samples/spring-petclinic-jarjar/maven-metadata.xml (310 B at 6.2 kB/s)
[INFO] Uploading to atmosphere-nexus: https://nexus.atm.osp.tech/repository/maven-snapshots/org/springframework/samples/spring-petclinic-jarjar/2.7.6-SNAPSHOT/maven-metadata.xml
[INFO] Uploaded to atmosphere-nexus: https://nexus.atm.osp.tech/repository/maven-snapshots/org/springframework/samples/spring-petclinic-jarjar/2.7.6-SNAPSHOT/maven-metadata.xml (803 B at 5.2 kB/s)
[INFO] Uploading to atmosphere-nexus: https://nexus.atm.osp.tech/repository/maven-snapshots/org/springframework/samples/spring-petclinic-jarjar/maven-metadata.xml
[INFO] Uploaded to atmosphere-nexus: https://nexus.atm.osp.tech/repository/maven-snapshots/org/springframework/samples/spring-petclinic-jarjar/maven-metadata.xml (310 B at 2.0 kB/s)
[INFO] 
[INFO] --------< org.springframework.samples:spring-petclinic-shared >---------
[INFO] Building spring-petclinic-shared 2.7.6-SNAPSHOT                    [3/7]
[INFO] --------------------------------[ jar ]---------------------------------
[INFO] 
[INFO] --- maven-resources-plugin:3.3.0:resources (default-resources) @ spring-petclinic-shared ---
[INFO] Copying 0 resource
[INFO] Copying 0 resource
[INFO] 
[INFO] --- maven-compiler-plugin:3.10.1:compile (default-compile) @ spring-petclinic-shared ---
[INFO] Nothing to compile - all classes are up to date
[INFO] 
[INFO] --- maven-resources-plugin:3.3.0:testResources (default-testResources) @ spring-petclinic-shared ---
[INFO] skip non existing resourceDirectory /Users/gregory.eales/Developer/git/spring-petclinic-microservices/spring-petclinic-shared/src/test/resources
[INFO] 
[INFO] --- maven-compiler-plugin:3.10.1:testCompile (default-testCompile) @ spring-petclinic-shared ---
[INFO] Nothing to compile - all classes are up to date
[INFO] 
[INFO] --- maven-surefire-plugin:2.22.2:test (default-test) @ spring-petclinic-shared ---
[INFO] 
[INFO] --- maven-jar-plugin:3.3.0:jar (default-jar) @ spring-petclinic-shared ---
[INFO] 
[INFO] --- flatten-maven-plugin:1.3.0:flatten (flatten) @ spring-petclinic-shared ---
[INFO] Generating flattened POM of project org.springframework.samples:spring-petclinic-shared:jar:2.7.6-SNAPSHOT...
[INFO] 
[INFO] --- maven-install-plugin:3.0.1:install (default-install) @ spring-petclinic-shared ---
[INFO] Installing /Users/gregory.eales/Developer/git/spring-petclinic-microservices/spring-petclinic-shared/.flattened-pom.xml to /Users/gregory.eales/.m2/repository/org/springframework/samples/spring-petclinic-shared/2.7.6-SNAPSHOT/spring-petclinic-shared-2.7.6-SNAPSHOT.pom
[INFO] Installing /Users/gregory.eales/Developer/git/spring-petclinic-microservices/spring-petclinic-shared/target/spring-petclinic-shared-2.7.6-SNAPSHOT.jar to /Users/gregory.eales/.m2/repository/org/springframework/samples/spring-petclinic-shared/2.7.6-SNAPSHOT/spring-petclinic-shared-2.7.6-SNAPSHOT.jar
[INFO] 
[INFO] --- maven-deploy-plugin:3.0.0:deploy (default-deploy) @ spring-petclinic-shared ---
[INFO] Downloading from atmosphere-nexus: https://nexus.atm.osp.tech/repository/maven-snapshots/org/springframework/samples/spring-petclinic-shared/2.7.6-SNAPSHOT/maven-metadata.xml
[INFO] Downloaded from atmosphere-nexus: https://nexus.atm.osp.tech/repository/maven-snapshots/org/springframework/samples/spring-petclinic-shared/2.7.6-SNAPSHOT/maven-metadata.xml (803 B at 11 kB/s)
[INFO] Uploading to atmosphere-nexus: https://nexus.atm.osp.tech/repository/maven-snapshots/org/springframework/samples/spring-petclinic-shared/2.7.6-SNAPSHOT/spring-petclinic-shared-2.7.6-20230112.130408-27.pom
[INFO] Uploaded to atmosphere-nexus: https://nexus.atm.osp.tech/repository/maven-snapshots/org/springframework/samples/spring-petclinic-shared/2.7.6-SNAPSHOT/spring-petclinic-shared-2.7.6-20230112.130408-27.pom (2.0 kB at 14 kB/s)
[INFO] Uploading to atmosphere-nexus: https://nexus.atm.osp.tech/repository/maven-snapshots/org/springframework/samples/spring-petclinic-shared/2.7.6-SNAPSHOT/spring-petclinic-shared-2.7.6-20230112.130408-27.jar
[INFO] Uploaded to atmosphere-nexus: https://nexus.atm.osp.tech/repository/maven-snapshots/org/springframework/samples/spring-petclinic-shared/2.7.6-SNAPSHOT/spring-petclinic-shared-2.7.6-20230112.130408-27.jar (16 kB at 105 kB/s)
[INFO] Downloading from atmosphere-nexus: https://nexus.atm.osp.tech/repository/maven-snapshots/org/springframework/samples/spring-petclinic-shared/maven-metadata.xml
[INFO] Downloaded from atmosphere-nexus: https://nexus.atm.osp.tech/repository/maven-snapshots/org/springframework/samples/spring-petclinic-shared/maven-metadata.xml (310 B at 6.2 kB/s)
[INFO] Uploading to atmosphere-nexus: https://nexus.atm.osp.tech/repository/maven-snapshots/org/springframework/samples/spring-petclinic-shared/2.7.6-SNAPSHOT/maven-metadata.xml
[INFO] Uploaded to atmosphere-nexus: https://nexus.atm.osp.tech/repository/maven-snapshots/org/springframework/samples/spring-petclinic-shared/2.7.6-SNAPSHOT/maven-metadata.xml (803 B at 5.0 kB/s)
[INFO] Uploading to atmosphere-nexus: https://nexus.atm.osp.tech/repository/maven-snapshots/org/springframework/samples/spring-petclinic-shared/maven-metadata.xml
[INFO] Uploaded to atmosphere-nexus: https://nexus.atm.osp.tech/repository/maven-snapshots/org/springframework/samples/spring-petclinic-shared/maven-metadata.xml (310 B at 1.9 kB/s)
[INFO] 
[INFO] --< org.springframework.samples.petclinic.client:spring-petclinic-customers-service >--
[INFO] Building spring-petclinic-customers-service 2.7.6-SNAPSHOT         [4/7]
[INFO] --------------------------------[ jar ]---------------------------------
[WARNING] The artifact mysql:mysql-connector-java:jar:8.0.31 has been relocated to com.mysql:mysql-connector-j:jar:8.0.31: MySQL Connector/J artifacts moved to reverse-DNS compliant Maven 2+ coordinates.
[WARNING] The artifact org.hibernate:hibernate-validator:jar:8.0.0.Final has been relocated to org.hibernate.validator:hibernate-validator:jar:8.0.0.Final
[INFO] 
[INFO] --- maven-resources-plugin:3.3.0:resources (default-resources) @ spring-petclinic-customers-service ---
[INFO] Copying 1 resource
[INFO] Copying 6 resources
[INFO] 
[INFO] --- maven-compiler-plugin:3.10.1:compile (default-compile) @ spring-petclinic-customers-service ---
[INFO] Nothing to compile - all classes are up to date
[INFO] 
[INFO] --- maven-resources-plugin:3.3.0:testResources (default-testResources) @ spring-petclinic-customers-service ---
[INFO] Copying 1 resource
[INFO] 
[INFO] --- maven-compiler-plugin:3.10.1:testCompile (default-testCompile) @ spring-petclinic-customers-service ---
[INFO] Nothing to compile - all classes are up to date
[INFO] 
[INFO] --- maven-surefire-plugin:2.22.2:test (default-test) @ spring-petclinic-customers-service ---
[INFO] 
[INFO] -------------------------------------------------------
[INFO]  T E S T S
[INFO] -------------------------------------------------------
[INFO] Running org.springframework.samples.petclinic.customers.web.PetResourceTest
[INFO] Tests run: 1, Failures: 0, Errors: 0, Skipped: 0, Time elapsed: 6.998 s - in org.springframework.samples.petclinic.customers.web.PetResourceTest
[INFO] 
[INFO] Results:
[INFO] 
[INFO] Tests run: 1, Failures: 0, Errors: 0, Skipped: 0
[INFO] 
[INFO] 
[INFO] --- maven-jar-plugin:3.3.0:jar (default-jar) @ spring-petclinic-customers-service ---
[INFO] 
[INFO] --- spring-boot-maven-plugin:3.0.1:repackage (repackage) @ spring-petclinic-customers-service ---
[INFO] Replacing main artifact with repackaged archive
[INFO] 
[INFO] --- spring-boot-maven-plugin:3.0.1:repackage (default) @ spring-petclinic-customers-service ---
[INFO] Replacing main artifact with repackaged archive
[INFO] 
[INFO] --- flatten-maven-plugin:1.3.0:flatten (flatten) @ spring-petclinic-customers-service ---
[INFO] Generating flattened POM of project org.springframework.samples.petclinic.client:spring-petclinic-customers-service:jar:2.7.6-SNAPSHOT...
[INFO] 
[INFO] --- maven-install-plugin:3.0.1:install (default-install) @ spring-petclinic-customers-service ---
[INFO] Installing /Users/gregory.eales/Developer/git/spring-petclinic-microservices/spring-petclinic-customers-service/.flattened-pom.xml to /Users/gregory.eales/.m2/repository/org/springframework/samples/petclinic/client/spring-petclinic-customers-service/2.7.6-SNAPSHOT/spring-petclinic-customers-service-2.7.6-SNAPSHOT.pom
[INFO] Installing /Users/gregory.eales/Developer/git/spring-petclinic-microservices/spring-petclinic-customers-service/target/spring-petclinic-customers-service-2.7.6-SNAPSHOT.jar to /Users/gregory.eales/.m2/repository/org/springframework/samples/petclinic/client/spring-petclinic-customers-service/2.7.6-SNAPSHOT/spring-petclinic-customers-service-2.7.6-SNAPSHOT.jar
[INFO] 
[INFO] --- maven-deploy-plugin:3.0.0:deploy (default-deploy) @ spring-petclinic-customers-service ---
[INFO] Downloading from atmosphere-nexus: https://nexus.atm.osp.tech/repository/maven-snapshots/org/springframework/samples/petclinic/client/spring-petclinic-customers-service/2.7.6-SNAPSHOT/maven-metadata.xml
[INFO] Downloaded from atmosphere-nexus: https://nexus.atm.osp.tech/repository/maven-snapshots/org/springframework/samples/petclinic/client/spring-petclinic-customers-service/2.7.6-SNAPSHOT/maven-metadata.xml (831 B at 12 kB/s)
[INFO] Uploading to atmosphere-nexus: https://nexus.atm.osp.tech/repository/maven-snapshots/org/springframework/samples/petclinic/client/spring-petclinic-customers-service/2.7.6-SNAPSHOT/spring-petclinic-customers-service-2.7.6-20230112.130408-14.pom
[INFO] Uploaded to atmosphere-nexus: https://nexus.atm.osp.tech/repository/maven-snapshots/org/springframework/samples/petclinic/client/spring-petclinic-customers-service/2.7.6-SNAPSHOT/spring-petclinic-customers-service-2.7.6-20230112.130408-14.pom (4.8 kB at 34 kB/s)
[INFO] Uploading to atmosphere-nexus: https://nexus.atm.osp.tech/repository/maven-snapshots/org/springframework/samples/petclinic/client/spring-petclinic-customers-service/2.7.6-SNAPSHOT/spring-petclinic-customers-service-2.7.6-20230112.130408-14.jar
[INFO] Uploaded to atmosphere-nexus: https://nexus.atm.osp.tech/repository/maven-snapshots/org/springframework/samples/petclinic/client/spring-petclinic-customers-service/2.7.6-SNAPSHOT/spring-petclinic-customers-service-2.7.6-20230112.130408-14.jar (79 MB at 35 MB/s)
[INFO] Downloading from atmosphere-nexus: https://nexus.atm.osp.tech/repository/maven-snapshots/org/springframework/samples/petclinic/client/spring-petclinic-customers-service/maven-metadata.xml
[INFO] Downloaded from atmosphere-nexus: https://nexus.atm.osp.tech/repository/maven-snapshots/org/springframework/samples/petclinic/client/spring-petclinic-customers-service/maven-metadata.xml (338 B at 6.6 kB/s)
[INFO] Uploading to atmosphere-nexus: https://nexus.atm.osp.tech/repository/maven-snapshots/org/springframework/samples/petclinic/client/spring-petclinic-customers-service/2.7.6-SNAPSHOT/maven-metadata.xml
[INFO] Uploaded to atmosphere-nexus: https://nexus.atm.osp.tech/repository/maven-snapshots/org/springframework/samples/petclinic/client/spring-petclinic-customers-service/2.7.6-SNAPSHOT/maven-metadata.xml (831 B at 5.7 kB/s)
[INFO] Uploading to atmosphere-nexus: https://nexus.atm.osp.tech/repository/maven-snapshots/org/springframework/samples/petclinic/client/spring-petclinic-customers-service/maven-metadata.xml
[INFO] Uploaded to atmosphere-nexus: https://nexus.atm.osp.tech/repository/maven-snapshots/org/springframework/samples/petclinic/client/spring-petclinic-customers-service/maven-metadata.xml (338 B at 2.2 kB/s)
[INFO] 
[INFO] --< org.springframework.samples.petclinic.vets:spring-petclinic-vets-service >--
[INFO] Building spring-petclinic-vets-service 2.7.6-SNAPSHOT              [5/7]
[INFO] --------------------------------[ jar ]---------------------------------
[WARNING] The artifact mysql:mysql-connector-java:jar:8.0.31 has been relocated to com.mysql:mysql-connector-j:jar:8.0.31: MySQL Connector/J artifacts moved to reverse-DNS compliant Maven 2+ coordinates.
[INFO] 
[INFO] --- maven-resources-plugin:3.3.0:resources (default-resources) @ spring-petclinic-vets-service ---
[INFO] Copying 1 resource
[INFO] Copying 5 resources
[INFO] 
[INFO] --- maven-compiler-plugin:3.10.1:compile (default-compile) @ spring-petclinic-vets-service ---
[INFO] Nothing to compile - all classes are up to date
[INFO] 
[INFO] --- maven-resources-plugin:3.3.0:testResources (default-testResources) @ spring-petclinic-vets-service ---
[INFO] Copying 1 resource
[INFO] 
[INFO] --- maven-compiler-plugin:3.10.1:testCompile (default-testCompile) @ spring-petclinic-vets-service ---
[INFO] Nothing to compile - all classes are up to date
[INFO] 
[INFO] --- maven-surefire-plugin:2.22.2:test (default-test) @ spring-petclinic-vets-service ---
[INFO] 
[INFO] -------------------------------------------------------
[INFO]  T E S T S
[INFO] -------------------------------------------------------
[INFO] Running org.springframework.samples.petclinic.vets.web.VetResourceTest
[INFO] Tests run: 1, Failures: 0, Errors: 0, Skipped: 0, Time elapsed: 7.368 s - in org.springframework.samples.petclinic.vets.web.VetResourceTest
[INFO] 
[INFO] Results:
[INFO] 
[INFO] Tests run: 1, Failures: 0, Errors: 0, Skipped: 0
[INFO] 
[INFO] 
[INFO] --- maven-jar-plugin:3.3.0:jar (default-jar) @ spring-petclinic-vets-service ---
[INFO] 
[INFO] --- spring-boot-maven-plugin:3.0.1:repackage (repackage) @ spring-petclinic-vets-service ---
[INFO] Replacing main artifact with repackaged archive
[INFO] 
[INFO] --- spring-boot-maven-plugin:3.0.1:repackage (default) @ spring-petclinic-vets-service ---
[INFO] Replacing main artifact with repackaged archive
[INFO] 
[INFO] --- flatten-maven-plugin:1.3.0:flatten (flatten) @ spring-petclinic-vets-service ---
[INFO] Generating flattened POM of project org.springframework.samples.petclinic.vets:spring-petclinic-vets-service:jar:2.7.6-SNAPSHOT...
[INFO] 
[INFO] --- maven-install-plugin:3.0.1:install (default-install) @ spring-petclinic-vets-service ---
[INFO] Installing /Users/gregory.eales/Developer/git/spring-petclinic-microservices/spring-petclinic-vets-service/.flattened-pom.xml to /Users/gregory.eales/.m2/repository/org/springframework/samples/petclinic/vets/spring-petclinic-vets-service/2.7.6-SNAPSHOT/spring-petclinic-vets-service-2.7.6-SNAPSHOT.pom
[INFO] Installing /Users/gregory.eales/Developer/git/spring-petclinic-microservices/spring-petclinic-vets-service/target/spring-petclinic-vets-service-2.7.6-SNAPSHOT.jar to /Users/gregory.eales/.m2/repository/org/springframework/samples/petclinic/vets/spring-petclinic-vets-service/2.7.6-SNAPSHOT/spring-petclinic-vets-service-2.7.6-SNAPSHOT.jar
[INFO] 
[INFO] --- maven-deploy-plugin:3.0.0:deploy (default-deploy) @ spring-petclinic-vets-service ---
[INFO] Downloading from atmosphere-nexus: https://nexus.atm.osp.tech/repository/maven-snapshots/org/springframework/samples/petclinic/vets/spring-petclinic-vets-service/2.7.6-SNAPSHOT/maven-metadata.xml
[INFO] Downloaded from atmosphere-nexus: https://nexus.atm.osp.tech/repository/maven-snapshots/org/springframework/samples/petclinic/vets/spring-petclinic-vets-service/2.7.6-SNAPSHOT/maven-metadata.xml (824 B at 11 kB/s)
[INFO] Uploading to atmosphere-nexus: https://nexus.atm.osp.tech/repository/maven-snapshots/org/springframework/samples/petclinic/vets/spring-petclinic-vets-service/2.7.6-SNAPSHOT/spring-petclinic-vets-service-2.7.6-20230112.130408-17.pom
[INFO] Uploaded to atmosphere-nexus: https://nexus.atm.osp.tech/repository/maven-snapshots/org/springframework/samples/petclinic/vets/spring-petclinic-vets-service/2.7.6-SNAPSHOT/spring-petclinic-vets-service-2.7.6-20230112.130408-17.pom (5.6 kB at 38 kB/s)
[INFO] Uploading to atmosphere-nexus: https://nexus.atm.osp.tech/repository/maven-snapshots/org/springframework/samples/petclinic/vets/spring-petclinic-vets-service/2.7.6-SNAPSHOT/spring-petclinic-vets-service-2.7.6-20230112.130408-17.jar
[INFO] Uploaded to atmosphere-nexus: https://nexus.atm.osp.tech/repository/maven-snapshots/org/springframework/samples/petclinic/vets/spring-petclinic-vets-service/2.7.6-SNAPSHOT/spring-petclinic-vets-service-2.7.6-20230112.130408-17.jar (80 MB at 33 MB/s)
[INFO] Downloading from atmosphere-nexus: https://nexus.atm.osp.tech/repository/maven-snapshots/org/springframework/samples/petclinic/vets/spring-petclinic-vets-service/maven-metadata.xml
[INFO] Downloaded from atmosphere-nexus: https://nexus.atm.osp.tech/repository/maven-snapshots/org/springframework/samples/petclinic/vets/spring-petclinic-vets-service/maven-metadata.xml (331 B at 6.0 kB/s)
[INFO] Uploading to atmosphere-nexus: https://nexus.atm.osp.tech/repository/maven-snapshots/org/springframework/samples/petclinic/vets/spring-petclinic-vets-service/2.7.6-SNAPSHOT/maven-metadata.xml
[INFO] Uploaded to atmosphere-nexus: https://nexus.atm.osp.tech/repository/maven-snapshots/org/springframework/samples/petclinic/vets/spring-petclinic-vets-service/2.7.6-SNAPSHOT/maven-metadata.xml (824 B at 4.8 kB/s)
[INFO] Uploading to atmosphere-nexus: https://nexus.atm.osp.tech/repository/maven-snapshots/org/springframework/samples/petclinic/vets/spring-petclinic-vets-service/maven-metadata.xml
[INFO] Uploaded to atmosphere-nexus: https://nexus.atm.osp.tech/repository/maven-snapshots/org/springframework/samples/petclinic/vets/spring-petclinic-vets-service/maven-metadata.xml (331 B at 2.0 kB/s)
[INFO] 
[INFO] --< org.springframework.samples.petclinic.visits:spring-petclinic-visits-service >--
[INFO] Building spring-petclinic-visits-service 2.7.6-SNAPSHOT            [6/7]
[INFO] --------------------------------[ jar ]---------------------------------
[WARNING] The artifact mysql:mysql-connector-java:jar:8.0.31 has been relocated to com.mysql:mysql-connector-j:jar:8.0.31: MySQL Connector/J artifacts moved to reverse-DNS compliant Maven 2+ coordinates.
[WARNING] The artifact org.hibernate:hibernate-validator:jar:8.0.0.Final has been relocated to org.hibernate.validator:hibernate-validator:jar:8.0.0.Final
[INFO] 
[INFO] --- maven-resources-plugin:3.3.0:resources (default-resources) @ spring-petclinic-visits-service ---
[INFO] Copying 2 resources
[INFO] Copying 7 resources
[INFO] 
[INFO] --- maven-compiler-plugin:3.10.1:compile (default-compile) @ spring-petclinic-visits-service ---
[INFO] Nothing to compile - all classes are up to date
[INFO] 
[INFO] --- maven-resources-plugin:3.3.0:testResources (default-testResources) @ spring-petclinic-visits-service ---
[INFO] Copying 1 resource
[INFO] 
[INFO] --- maven-compiler-plugin:3.10.1:testCompile (default-testCompile) @ spring-petclinic-visits-service ---
[INFO] Nothing to compile - all classes are up to date
[INFO] 
[INFO] --- maven-surefire-plugin:2.22.2:test (default-test) @ spring-petclinic-visits-service ---
[INFO] 
[INFO] -------------------------------------------------------
[INFO]  T E S T S
[INFO] -------------------------------------------------------
[INFO] Running org.springframework.samples.petclinic.visits.web.VisitResourceTest
[INFO] Tests run: 1, Failures: 0, Errors: 0, Skipped: 0, Time elapsed: 7.643 s - in org.springframework.samples.petclinic.visits.web.VisitResourceTest
[INFO] 
[INFO] Results:
[INFO] 
[INFO] Tests run: 1, Failures: 0, Errors: 0, Skipped: 0
[INFO] 
[INFO] 
[INFO] --- maven-jar-plugin:3.3.0:jar (default-jar) @ spring-petclinic-visits-service ---
[INFO] 
[INFO] --- spring-boot-maven-plugin:3.0.1:repackage (repackage) @ spring-petclinic-visits-service ---
[INFO] Replacing main artifact with repackaged archive
[INFO] 
[INFO] --- spring-boot-maven-plugin:3.0.1:repackage (default) @ spring-petclinic-visits-service ---
[INFO] Replacing main artifact with repackaged archive
[INFO] 
[INFO] --- flatten-maven-plugin:1.3.0:flatten (flatten) @ spring-petclinic-visits-service ---
[INFO] Generating flattened POM of project org.springframework.samples.petclinic.visits:spring-petclinic-visits-service:jar:2.7.6-SNAPSHOT...
[INFO] 
[INFO] --- maven-install-plugin:3.0.1:install (default-install) @ spring-petclinic-visits-service ---
[INFO] Installing /Users/gregory.eales/Developer/git/spring-petclinic-microservices/spring-petclinic-visits-service/.flattened-pom.xml to /Users/gregory.eales/.m2/repository/org/springframework/samples/petclinic/visits/spring-petclinic-visits-service/2.7.6-SNAPSHOT/spring-petclinic-visits-service-2.7.6-SNAPSHOT.pom
[INFO] Installing /Users/gregory.eales/Developer/git/spring-petclinic-microservices/spring-petclinic-visits-service/target/spring-petclinic-visits-service-2.7.6-SNAPSHOT.jar to /Users/gregory.eales/.m2/repository/org/springframework/samples/petclinic/visits/spring-petclinic-visits-service/2.7.6-SNAPSHOT/spring-petclinic-visits-service-2.7.6-SNAPSHOT.jar
[INFO] 
[INFO] --- maven-deploy-plugin:3.0.0:deploy (default-deploy) @ spring-petclinic-visits-service ---
[INFO] Downloading from atmosphere-nexus: https://nexus.atm.osp.tech/repository/maven-snapshots/org/springframework/samples/petclinic/visits/spring-petclinic-visits-service/2.7.6-SNAPSHOT/maven-metadata.xml
[INFO] Downloaded from atmosphere-nexus: https://nexus.atm.osp.tech/repository/maven-snapshots/org/springframework/samples/petclinic/visits/spring-petclinic-visits-service/2.7.6-SNAPSHOT/maven-metadata.xml (828 B at 11 kB/s)
[INFO] Uploading to atmosphere-nexus: https://nexus.atm.osp.tech/repository/maven-snapshots/org/springframework/samples/petclinic/visits/spring-petclinic-visits-service/2.7.6-SNAPSHOT/spring-petclinic-visits-service-2.7.6-20230112.130408-38.pom
[INFO] Uploaded to atmosphere-nexus: https://nexus.atm.osp.tech/repository/maven-snapshots/org/springframework/samples/petclinic/visits/spring-petclinic-visits-service/2.7.6-SNAPSHOT/spring-petclinic-visits-service-2.7.6-20230112.130408-38.pom (4.8 kB at 34 kB/s)
[INFO] Uploading to atmosphere-nexus: https://nexus.atm.osp.tech/repository/maven-snapshots/org/springframework/samples/petclinic/visits/spring-petclinic-visits-service/2.7.6-SNAPSHOT/spring-petclinic-visits-service-2.7.6-20230112.130408-38.jar
[INFO] Uploaded to atmosphere-nexus: https://nexus.atm.osp.tech/repository/maven-snapshots/org/springframework/samples/petclinic/visits/spring-petclinic-visits-service/2.7.6-SNAPSHOT/spring-petclinic-visits-service-2.7.6-20230112.130408-38.jar (79 MB at 33 MB/s)
[INFO] Downloading from atmosphere-nexus: https://nexus.atm.osp.tech/repository/maven-snapshots/org/springframework/samples/petclinic/visits/spring-petclinic-visits-service/maven-metadata.xml
[INFO] Downloaded from atmosphere-nexus: https://nexus.atm.osp.tech/repository/maven-snapshots/org/springframework/samples/petclinic/visits/spring-petclinic-visits-service/maven-metadata.xml (335 B at 6.7 kB/s)
[INFO] Uploading to atmosphere-nexus: https://nexus.atm.osp.tech/repository/maven-snapshots/org/springframework/samples/petclinic/visits/spring-petclinic-visits-service/2.7.6-SNAPSHOT/maven-metadata.xml
[INFO] Uploaded to atmosphere-nexus: https://nexus.atm.osp.tech/repository/maven-snapshots/org/springframework/samples/petclinic/visits/spring-petclinic-visits-service/2.7.6-SNAPSHOT/maven-metadata.xml (828 B at 5.5 kB/s)
[INFO] Uploading to atmosphere-nexus: https://nexus.atm.osp.tech/repository/maven-snapshots/org/springframework/samples/petclinic/visits/spring-petclinic-visits-service/maven-metadata.xml
[INFO] Uploaded to atmosphere-nexus: https://nexus.atm.osp.tech/repository/maven-snapshots/org/springframework/samples/petclinic/visits/spring-petclinic-visits-service/maven-metadata.xml (335 B at 2.2 kB/s)
[INFO] 
[INFO] --< org.springframework.samples.petclinic.api:spring-petclinic-api-gateway >--
[INFO] Building spring-petclinic-api-gateway 2.7.6-SNAPSHOT               [7/7]
[INFO] --------------------------------[ jar ]---------------------------------
[WARNING] The artifact mysql:mysql-connector-java:jar:8.0.31 has been relocated to com.mysql:mysql-connector-j:jar:8.0.31: MySQL Connector/J artifacts moved to reverse-DNS compliant Maven 2+ coordinates.
[WARNING] The artifact org.hibernate:hibernate-validator:jar:8.0.0.Final has been relocated to org.hibernate.validator:hibernate-validator:jar:8.0.0.Final
[INFO] 
[INFO] --- wro4j-maven-plugin:1.8.0:run (default) @ spring-petclinic-api-gateway ---
[INFO] Downloading from atm-nexus-release: https://atm.nexus.ocado.tech/repository/maven-release-group/me/n4u/sass/sass-gems/maven-metadata.xml
[WARNING] Could not transfer metadata me.n4u.sass:sass-gems/maven-metadata.xml from/to atm-nexus-release (https://atm.nexus.ocado.tech/repository/maven-release-group/): authentication failed for https://atm.nexus.ocado.tech/repository/maven-release-group/me/n4u/sass/sass-gems/maven-metadata.xml, status: 401 Unauthorized
[INFO] /Users/gregory.eales/Developer/git/spring-petclinic-microservices/spring-petclinic-api-gateway/src/main/less
[INFO] Executing the mojo: 
[INFO] Wro4j Model path: /Users/gregory.eales/Developer/git/spring-petclinic-microservices/spring-petclinic-api-gateway/src/main/wro/wro.xml
[INFO] targetGroups: null
[INFO] minimize: true
[INFO] ignoreMissingResources: null
[INFO] parallelProcessing: false
[INFO] buildDirectory: /Users/gregory.eales/Developer/git/spring-petclinic-microservices/spring-petclinic-api-gateway/target
[INFO] destinationFolder: /Users/gregory.eales/Developer/git/spring-petclinic-microservices/spring-petclinic-api-gateway/target
[INFO] cssDestinationFolder: /Users/gregory.eales/Developer/git/spring-petclinic-microservices/spring-petclinic-api-gateway/target/classes/static/css
[INFO] The following groups will be processed: [petclinic]
[INFO] folder: /Users/gregory.eales/Developer/git/spring-petclinic-microservices/spring-petclinic-api-gateway/target/classes/static/css
[INFO] processing group: petclinic.css
[WARNING] Less warnings are:
[WARNING] 10:1 Cannot link source map. Css result location is not know and could not be deduced from input less source..
[INFO] file size: petclinic.css -> 152551 bytes
[INFO] /Users/gregory.eales/Developer/git/spring-petclinic-microservices/spring-petclinic-api-gateway/target/classes/static/css/petclinic.css (152551 bytes)
[INFO] folder: /Users/gregory.eales/Developer/git/spring-petclinic-microservices/spring-petclinic-api-gateway/target
[INFO] processing group: petclinic.js
[INFO] 
[INFO] --- maven-resources-plugin:3.3.0:resources (default-resources) @ spring-petclinic-api-gateway ---
[INFO] Copying 1 resource
[INFO] Copying 51 resources
[INFO] 
[INFO] --- maven-compiler-plugin:3.10.1:compile (default-compile) @ spring-petclinic-api-gateway ---
[INFO] Changes detected - recompiling the module!
[INFO] Compiling 9 source files to /Users/gregory.eales/Developer/git/spring-petclinic-microservices/spring-petclinic-api-gateway/target/classes
[INFO] 
[INFO] --- maven-resources-plugin:3.3.0:testResources (default-testResources) @ spring-petclinic-api-gateway ---
[INFO] Copying 1 resource
[INFO] 
[INFO] --- maven-compiler-plugin:3.10.1:testCompile (default-testCompile) @ spring-petclinic-api-gateway ---
[INFO] Changes detected - recompiling the module!
[INFO] 
[INFO] --- maven-surefire-plugin:2.22.2:test (default-test) @ spring-petclinic-api-gateway ---
[INFO] 
[INFO] --- maven-jar-plugin:3.3.0:jar (default-jar) @ spring-petclinic-api-gateway ---
[INFO] Building jar: /Users/gregory.eales/Developer/git/spring-petclinic-microservices/spring-petclinic-api-gateway/target/spring-petclinic-api-gateway-2.7.6-SNAPSHOT.jar
[INFO] 
[INFO] --- spring-boot-maven-plugin:3.0.1:repackage (repackage) @ spring-petclinic-api-gateway ---
[INFO] Replacing main artifact with repackaged archive
[INFO] 
[INFO] --- spring-boot-maven-plugin:3.0.1:repackage (default) @ spring-petclinic-api-gateway ---
[INFO] Replacing main artifact with repackaged archive
[INFO] 
[INFO] --- flatten-maven-plugin:1.3.0:flatten (flatten) @ spring-petclinic-api-gateway ---
[INFO] Generating flattened POM of project org.springframework.samples.petclinic.api:spring-petclinic-api-gateway:jar:2.7.6-SNAPSHOT...
[INFO] 
[INFO] --- maven-install-plugin:3.0.1:install (default-install) @ spring-petclinic-api-gateway ---
[INFO] Installing /Users/gregory.eales/Developer/git/spring-petclinic-microservices/spring-petclinic-api-gateway/.flattened-pom.xml to /Users/gregory.eales/.m2/repository/org/springframework/samples/petclinic/api/spring-petclinic-api-gateway/2.7.6-SNAPSHOT/spring-petclinic-api-gateway-2.7.6-SNAPSHOT.pom
[INFO] Installing /Users/gregory.eales/Developer/git/spring-petclinic-microservices/spring-petclinic-api-gateway/target/spring-petclinic-api-gateway-2.7.6-SNAPSHOT.jar to /Users/gregory.eales/.m2/repository/org/springframework/samples/petclinic/api/spring-petclinic-api-gateway/2.7.6-SNAPSHOT/spring-petclinic-api-gateway-2.7.6-SNAPSHOT.jar
[INFO] 
[INFO] --- maven-deploy-plugin:3.0.0:deploy (default-deploy) @ spring-petclinic-api-gateway ---
[INFO] Downloading from atmosphere-nexus: https://nexus.atm.osp.tech/repository/maven-snapshots/org/springframework/samples/petclinic/api/spring-petclinic-api-gateway/2.7.6-SNAPSHOT/maven-metadata.xml
[INFO] Downloaded from atmosphere-nexus: https://nexus.atm.osp.tech/repository/maven-snapshots/org/springframework/samples/petclinic/api/spring-petclinic-api-gateway/2.7.6-SNAPSHOT/maven-metadata.xml (819 B at 11 kB/s)
[INFO] Uploading to atmosphere-nexus: https://nexus.atm.osp.tech/repository/maven-snapshots/org/springframework/samples/petclinic/api/spring-petclinic-api-gateway/2.7.6-SNAPSHOT/spring-petclinic-api-gateway-2.7.6-20230112.130408-5.pom
[INFO] Uploaded to atmosphere-nexus: https://nexus.atm.osp.tech/repository/maven-snapshots/org/springframework/samples/petclinic/api/spring-petclinic-api-gateway/2.7.6-SNAPSHOT/spring-petclinic-api-gateway-2.7.6-20230112.130408-5.pom (7.7 kB at 55 kB/s)
[INFO] Uploading to atmosphere-nexus: https://nexus.atm.osp.tech/repository/maven-snapshots/org/springframework/samples/petclinic/api/spring-petclinic-api-gateway/2.7.6-SNAPSHOT/spring-petclinic-api-gateway-2.7.6-20230112.130408-5.jar
[INFO] Uploaded to atmosphere-nexus: https://nexus.atm.osp.tech/repository/maven-snapshots/org/springframework/samples/petclinic/api/spring-petclinic-api-gateway/2.7.6-SNAPSHOT/spring-petclinic-api-gateway-2.7.6-20230112.130408-5.jar (322 MB at 2.4 MB/s)
[INFO] Downloading from atmosphere-nexus: https://nexus.atm.osp.tech/repository/maven-snapshots/org/springframework/samples/petclinic/api/spring-petclinic-api-gateway/maven-metadata.xml
[INFO] Downloaded from atmosphere-nexus: https://nexus.atm.osp.tech/repository/maven-snapshots/org/springframework/samples/petclinic/api/spring-petclinic-api-gateway/maven-metadata.xml (329 B at 5.9 kB/s)
[INFO] Uploading to atmosphere-nexus: https://nexus.atm.osp.tech/repository/maven-snapshots/org/springframework/samples/petclinic/api/spring-petclinic-api-gateway/2.7.6-SNAPSHOT/maven-metadata.xml
[INFO] Uploaded to atmosphere-nexus: https://nexus.atm.osp.tech/repository/maven-snapshots/org/springframework/samples/petclinic/api/spring-petclinic-api-gateway/2.7.6-SNAPSHOT/maven-metadata.xml (819 B at 5.5 kB/s)
[INFO] Uploading to atmosphere-nexus: https://nexus.atm.osp.tech/repository/maven-snapshots/org/springframework/samples/petclinic/api/spring-petclinic-api-gateway/maven-metadata.xml
[INFO] Uploaded to atmosphere-nexus: https://nexus.atm.osp.tech/repository/maven-snapshots/org/springframework/samples/petclinic/api/spring-petclinic-api-gateway/maven-metadata.xml (329 B at 1.9 kB/s)
[INFO] ------------------------------------------------------------------------
[INFO] Reactor Summary for spring-petclinic-microservices 2.7.6-SNAPSHOT:
[INFO] 
[INFO] spring-petclinic-microservices ..................... SUCCESS [  2.870 s]
[INFO] spring-petclinic-jarjar ............................ SUCCESS [  2.498 s]
[INFO] spring-petclinic-shared ............................ SUCCESS [  1.027 s]
[INFO] spring-petclinic-customers-service ................. SUCCESS [ 11.569 s]
[INFO] spring-petclinic-vets-service ...................... SUCCESS [ 11.705 s]
[INFO] spring-petclinic-visits-service .................... SUCCESS [ 11.911 s]
[INFO] spring-petclinic-api-gateway ....................... SUCCESS [02:22 min]
[INFO] ------------------------------------------------------------------------
[INFO] BUILD SUCCESS
[INFO] ------------------------------------------------------------------------
[INFO] Total time:  03:05 min
[INFO] Finished at: 2023-01-12T13:07:13Z
[INFO] ------------------------------------------------------------------------
